<?xml version="1.0" encoding="UTF-8"?>
<!-- Generated by org.testng.reporters.JUnitReportReporter -->
<testsuite hostname="DESKTOP-9IFTCKI" failures="0" tests="6" name="CucumberOptions.TestNGTestRunner" time="218.356" errors="0" timestamp="2024-06-26T00:02:30 IST" skipped="0">
  <testcase classname="CucumberOptions.TestNGTestRunner" name="runScenario" time="36.120"/>
  <testcase classname="CucumberOptions.TestNGTestRunner" name="runScenario" time="36.576"/>
  <testcase classname="CucumberOptions.TestNGTestRunner" name="runScenario" time="36.235"/>
  <testcase classname="CucumberOptions.TestNGTestRunner" name="runScenario" time="36.275"/>
  <testcase classname="CucumberOptions.TestNGTestRunner" name="runScenario" time="36.574"/>
  <testcase classname="CucumberOptions.TestNGTestRunner" name="runScenario" time="36.576"/>
</testsuite> <!-- CucumberOptions.TestNGTestRunner -->
