<?xml version="1.0" encoding="UTF-8"?>
<!-- Generated by org.testng.reporters.JUnitReportReporter -->
<testsuite hostname="DESKTOP-9IFTCKI" failures="0" tests="6" name="CucumberOptions.TestNGTestRunner" time="448.464" errors="0" timestamp="2024-06-26T00:14:30 IST" skipped="0">
  <testcase classname="CucumberOptions.TestNGTestRunner" name="runScenario" time="75.097"/>
  <testcase classname="CucumberOptions.TestNGTestRunner" name="runScenario" time="74.521"/>
  <testcase classname="CucumberOptions.TestNGTestRunner" name="runScenario" time="74.830"/>
  <testcase classname="CucumberOptions.TestNGTestRunner" name="runScenario" time="75.017"/>
  <testcase classname="CucumberOptions.TestNGTestRunner" name="runScenario" time="73.696"/>
  <testcase classname="CucumberOptions.TestNGTestRunner" name="runScenario" time="75.303"/>
</testsuite> <!-- CucumberOptions.TestNGTestRunner -->
